2019-02-03T03:44:16.702Z - info: START seeder.
2019-02-03T03:44:16.727Z - debug: 2 dataCodewordset seeded
2019-02-03T03:44:16.727Z - debug: 292 datacodeword seeded
2019-02-03T03:44:16.727Z - debug: 6 datacourse seeded
2019-02-03T03:44:16.728Z - debug: 114 dataCoursestudent seeded
2019-02-03T03:44:16.728Z - debug: 92 hootoriginal seeded
2019-02-03T03:44:16.728Z - debug: 200 largeset seeded
2019-02-03T03:44:16.728Z - info: END Seeder. Sample data read and verified.
2019-02-03T03:46:14.934Z - info: START seeder.
2019-02-03T03:46:14.966Z - debug: 2 dataCodewordset seeded
2019-02-03T03:46:14.966Z - debug: 292 datacodeword seeded
2019-02-03T03:46:14.966Z - debug: 6 datacourse seeded
2019-02-03T03:46:14.967Z - debug: 114 dataCoursestudent seeded
2019-02-03T03:46:14.967Z - debug: 92 hootoriginal seeded
2019-02-03T03:46:14.968Z - debug: 200 largeset seeded
2019-02-03T03:46:14.969Z - info: END Seeder. Sample data read and verified.
2019-02-03T21:47:22.828Z - info: START seeder.
2019-02-03T21:47:22.843Z - debug: 2 dataCodewordset seeded
2019-02-03T21:47:22.843Z - debug: 292 datacodeword seeded
2019-02-03T21:47:22.844Z - debug: 6 datacourse seeded
2019-02-03T21:47:22.844Z - debug: 114 dataCoursestudent seeded
2019-02-03T21:47:22.844Z - debug: 92 hootoriginal seeded
2019-02-03T21:47:22.845Z - debug: 200 largeset seeded
2019-02-03T21:47:22.846Z - info: END Seeder. Sample data read and verified.
